Copyright 1986-2021 Xilinx, Inc. All Rights Reserved.
----------------------------------------------------------------------------------------------------------------------------------------------------------
| Tool Version     : Vivado v.2021.2 (win64) Build 3367213 Tue Oct 19 02:48:09 MDT 2021
| Date             : Fri Mar 25 12:47:13 2022
| Host             : LAPTOP-TDKNUURL running 64-bit major release  (build 9200)
| Command          : report_power -file Chip_InstrIP_power_routed.rpt -pb Chip_InstrIP_power_summary_routed.pb -rpx Chip_InstrIP_power_routed.rpx
| Design           : Chip_InstrIP
| Device           : xc7vx485tffg1157-1
| Design State     : routed
| Grade            : commercial
| Process          : typical
| Characterization : Production
----------------------------------------------------------------------------------------------------------------------------------------------------------

Power Report

Table of Contents
-----------------
1. Summary
1.1 On-Chip Components
1.2 Power Supply Summary
1.3 Confidence Level
2. Settings
2.1 Environment
2.2 Clock Constraints
3. Detailed Reports
3.1 By Hierarchy

1. Summary
----------

+--------------------------+-----------------------------------+
| Total On-Chip Power (W)  | 652.459 (Junction temp exceeded!) |
| Design Power Budget (W)  | Unspecified*                      |
| Power Budget Margin (W)  | NA                                |
| Dynamic (W)              | 645.828                           |
| Device Static (W)        | 6.632                             |
| Effective TJA (C/W)      | 1.4                               |
| Max Ambient (C)          | 0.0                               |
| Junction Temperature (C) | 125.0                             |
| Confidence Level         | Low                               |
| Setting File             | ---                               |
| Simulation Activity File | ---                               |
| Design Nets Matched      | NA                                |
+--------------------------+-----------------------------------+
* Specify Design Power Budget using, set_operating_conditions -design_power_budget <value in Watts>


1.1 On-Chip Components
----------------------

+--------------------------+-----------+----------+-----------+-----------------+
| On-Chip                  | Power (W) | Used     | Available | Utilization (%) |
+--------------------------+-----------+----------+-----------+-----------------+
| Slice Logic              |   149.083 |    13621 |       --- |             --- |
|   LUT as Logic           |   141.011 |     8695 |    303600 |            2.86 |
|   CARRY4                 |     3.893 |      536 |     75900 |            0.71 |
|   F7/F8 Muxes            |     3.592 |     1701 |    303600 |            0.56 |
|   LUT as Distributed RAM |     0.554 |       44 |    130800 |            0.03 |
|   Register               |     0.026 |     2080 |    607200 |            0.34 |
|   BUFG                   |     0.006 |        1 |        32 |            3.13 |
|   Others                 |     0.000 |       13 |       --- |             --- |
| Signals                  |   221.499 |     9298 |       --- |             --- |
| I/O                      |   275.246 |      511 |       600 |           85.17 |
| Static Power             |     6.632 |          |           |                 |
| Total                    |   652.459 |          |           |                 |
+--------------------------+-----------+----------+-----------+-----------------+


1.2 Power Supply Summary
------------------------

+-----------+-------------+-----------+-------------+------------+-------------+-------------+------------+
| Source    | Voltage (V) | Total (A) | Dynamic (A) | Static (A) | Powerup (A) | Budget (A)  | Margin (A) |
+-----------+-------------+-----------+-------------+------------+-------------+-------------+------------+
| Vccint    |       1.000 |   376.420 |     370.586 |      5.834 |       NA    | Unspecified | NA         |
| Vccaux    |       1.800 |    22.846 |      22.532 |      0.314 |       NA    | Unspecified | NA         |
| Vcco33    |       3.300 |     0.000 |       0.000 |      0.000 |       NA    | Unspecified | NA         |
| Vcco25    |       2.500 |     0.000 |       0.000 |      0.000 |       NA    | Unspecified | NA         |
| Vcco18    |       1.800 |   130.382 |     130.381 |      0.001 |       NA    | Unspecified | NA         |
| Vcco15    |       1.500 |     0.000 |       0.000 |      0.000 |       NA    | Unspecified | NA         |
| Vcco135   |       1.350 |     0.000 |       0.000 |      0.000 |       NA    | Unspecified | NA         |
| Vcco12    |       1.200 |     0.000 |       0.000 |      0.000 |       NA    | Unspecified | NA         |
| Vccaux_io |       1.800 |     0.000 |       0.000 |      0.000 |       NA    | Unspecified | NA         |
| Vccbram   |       1.000 |     0.195 |       0.000 |      0.195 |       NA    | Unspecified | NA         |
| MGTAVcc   |       1.000 |     0.000 |       0.000 |      0.000 |       NA    | Unspecified | NA         |
| MGTAVtt   |       1.200 |     0.000 |       0.000 |      0.000 |       NA    | Unspecified | NA         |
| MGTVccaux |       1.800 |     0.000 |       0.000 |      0.000 |       NA    | Unspecified | NA         |
| MGTZVccl  |       1.075 |     0.000 |       0.000 |      0.000 |       NA    | Unspecified | NA         |
| MGTZAVcc  |       1.075 |     0.000 |       0.000 |      0.000 |       NA    | Unspecified | NA         |
| MGTZVcch  |       1.800 |     0.000 |       0.000 |      0.000 |       NA    | Unspecified | NA         |
| Vccadc    |       1.800 |     0.020 |       0.000 |      0.020 |       NA    | Unspecified | NA         |
+-----------+-------------+-----------+-------------+------------+-------------+-------------+------------+


1.3 Confidence Level
--------------------

+-----------------------------+------------+--------------------------------------------------------+--------------------------------------------------------------------------------------------------------------------+
| User Input Data             | Confidence | Details                                                | Action                                                                                                             |
+-----------------------------+------------+--------------------------------------------------------+--------------------------------------------------------------------------------------------------------------------+
| Design implementation state | High       | Design is routed                                       |                                                                                                                    |
| Clock nodes activity        | Low        | User specified less than 75% of clocks                 | Provide missing clock activity with a constraint file, simulation results or by editing the "By Clock Domain" view |
| I/O nodes activity          | Low        | More than 75% of inputs are missing user specification | Provide missing input activity with simulation results or by editing the "By Resource Type -> I/Os" view           |
| Internal nodes activity     | Medium     | User specified less than 25% of internal nodes         | Provide missing internal nodes activity with simulation results or by editing the "By Resource Type" views         |
| Device models               | High       | Device models are Production                           |                                                                                                                    |
|                             |            |                                                        |                                                                                                                    |
| Overall confidence level    | Low        |                                                        |                                                                                                                    |
+-----------------------------+------------+--------------------------------------------------------+--------------------------------------------------------------------------------------------------------------------+


2. Settings
-----------

2.1 Environment
---------------

+-----------------------+--------------------------+
| Ambient Temp (C)      | 25.0                     |
| ThetaJA (C/W)         | 1.4                      |
| Airflow (LFM)         | 250                      |
| Heat Sink             | medium (Medium Profile)  |
| ThetaSA (C/W)         | 2.4                      |
| Board Selection       | medium (10"x10")         |
| # of Board Layers     | 12to15 (12 to 15 Layers) |
| Board Temperature (C) | 25.0                     |
+-----------------------+--------------------------+


2.2 Clock Constraints
---------------------

+-------+--------+-----------------+
| Clock | Domain | Constraint (ns) |
+-------+--------+-----------------+


3. Detailed Reports
-------------------

3.1 By Hierarchy
----------------

+-------------------------------+-----------+
| Name                          | Power (W) |
+-------------------------------+-----------+
| Chip_InstrIP                  |   645.828 |
|   u_alu                       |    41.887 |
|     mul1                      |    41.670 |
|   u_datamem                   |    53.047 |
|   u_instrmemrom               |   155.188 |
|     u_mem_generator_0         |    33.951 |
|       SimpleCPU01Design_i     |     1.461 |
|     u_mem_generator_1         |     2.056 |
|       SimpleCPU01Design_i     |     2.056 |
|     u_mem_generator_2         |     6.049 |
|       SimpleCPU01Design_i     |     2.570 |
|     u_mem_generator_3         |   113.132 |
|       SimpleCPU01Design_i     |     2.503 |
|   u_pcaddr                    |     4.590 |
|   u_regfiles                  |   115.634 |
|     regs_reg_r1_0_31_0_5      |     0.630 |
|     regs_reg_r1_0_31_12_17    |     1.617 |
|     regs_reg_r1_0_31_18_23    |     1.406 |
|     regs_reg_r1_0_31_24_29    |     1.233 |
|     regs_reg_r1_0_31_30_31    |     0.102 |
|     regs_reg_r1_0_31_30_31__0 |     0.116 |
|     regs_reg_r1_0_31_6_11     |     1.349 |
|     regs_reg_r2_0_31_0_5      |     0.895 |
|     regs_reg_r2_0_31_12_17    |     0.930 |
|     regs_reg_r2_0_31_18_23    |     0.629 |
|     regs_reg_r2_0_31_24_29    |     1.537 |
|     regs_reg_r2_0_31_30_31    |     0.262 |
|     regs_reg_r2_0_31_30_31__0 |     0.278 |
|     regs_reg_r2_0_31_6_11     |     1.022 |
+-------------------------------+-----------+


