
*** Running vivado
    with args -log DataMemDirectCache03.vds -m64 -product Vivado -mode batch -messageDb vivado.pb -notrace -source DataMemDirectCache03.tcl



****** Vivado v2021.2 (64-bit)
  **** SW Build 3367213 on Tue Oct 19 02:48:09 MDT 2021
  **** IP Build 3369179 on Thu Oct 21 08:25:16 MDT 2021
    ** Copyright 1986-2021 Xilinx, Inc. All Rights Reserved.

source DataMemDirectCache03.tcl -notrace
INFO: [IP_Flow 19-234] Refreshing IP repositories
INFO: [IP_Flow 19-1704] No user IP repositories specified
INFO: [IP_Flow 19-2313] Loaded Vivado IP repository 'C:/Xilinx/Vivado/2021.2/data/ip'.
Command: read_checkpoint -auto_incremental -incremental D:/Git/SimpleCPU/SimpleCPU01Project/SimpleCPU01Project.srcs/utils_1/imports/Cache03Synth/DataMemDirectCache03.dcp
INFO: [Vivado 12-5825] Read reference checkpoint from D:/Git/SimpleCPU/SimpleCPU01Project/SimpleCPU01Project.srcs/utils_1/imports/Cache03Synth/DataMemDirectCache03.dcp for incremental synthesis
INFO: [Vivado 12-7989] Please ensure there are no constraint changes
Command: synth_design -top DataMemDirectCache03 -part xc7vx485tffg1157-1
Starting synth_design
Attempting to get a license for feature 'Synthesis' and/or device 'xc7vx485t'
INFO: [Common 17-349] Got license for feature 'Synthesis' and/or device 'xc7vx485t'
INFO: [Common 17-86] Your Synthesis license expires in 1 day(s)
INFO: [Common 17-1540] The version limit for your license is '2022.04' and has expired for new software. A version limit expiration means that, although you may be able to continue to use the current version of tools or IP with this license, you will not be eligible for new releases.
INFO: [Device 21-403] Loading part xc7vx485tffg1157-1
WARNING: [Designutils 20-4072] Reference run did not run incremental synthesis because the design is too small; reverting to default synthesis
INFO: [Designutils 20-4379] Flow is switching to default flow due to incremental criteria not met. If you would like to alter this behaviour and have the flow terminate instead, please set the following parameter config_implementation {autoIncr.Synth.RejectBehavior Terminate}
INFO: [Synth 8-7079] Multithreading enabled for synth_design using a maximum of 2 processes.
INFO: [Synth 8-7078] Launching helper process for spawning children vivado processes
INFO: [Synth 8-7075] Helper process launched with PID 3556
---------------------------------------------------------------------------------
Starting RTL Elaboration : Time (s): cpu = 00:00:05 ; elapsed = 00:00:05 . Memory (MB): peak = 1412.523 ; gain = 27.230
---------------------------------------------------------------------------------
INFO: [Synth 8-6157] synthesizing module 'DataMemDirectCache03' [D:/Git/SimpleCPU/Module/Cache/DataMemDirectCache03.v:23]
INFO: [Synth 8-6157] synthesizing module 'DataMemDirectCacheBram' [D:/Git/SimpleCPU/Module/Cache/BlockDesign/DataMemDirectCacheBram/synth/DataMemDirectCacheBram.v:13]
INFO: [Synth 8-6157] synthesizing module 'DataMemDirectCacheBram_blk_mem_gen_0_0' [D:/Git/SimpleCPU/SimpleCPU01Project/SimpleCPU01Project.runs/Cache03Synth/.Xil/Vivado-29844-LAPTOP-TDKNUURL/realtime/DataMemDirectCacheBram_blk_mem_gen_0_0_stub.v:6]
INFO: [Synth 8-6155] done synthesizing module 'DataMemDirectCacheBram_blk_mem_gen_0_0' (1#1) [D:/Git/SimpleCPU/SimpleCPU01Project/SimpleCPU01Project.runs/Cache03Synth/.Xil/Vivado-29844-LAPTOP-TDKNUURL/realtime/DataMemDirectCacheBram_blk_mem_gen_0_0_stub.v:6]
INFO: [Synth 8-6155] done synthesizing module 'DataMemDirectCacheBram' (2#1) [D:/Git/SimpleCPU/Module/Cache/BlockDesign/DataMemDirectCacheBram/synth/DataMemDirectCacheBram.v:13]
INFO: [Synth 8-6157] synthesizing module 'MemCacheData' [D:/Git/SimpleCPU/Module/Storage/BlockDesign/MemCacheData/synth/MemCacheData.v:13]
INFO: [Synth 8-6157] synthesizing module 'MemCacheData_dist_mem_gen_0_1' [D:/Git/SimpleCPU/SimpleCPU01Project/SimpleCPU01Project.runs/Cache03Synth/.Xil/Vivado-29844-LAPTOP-TDKNUURL/realtime/MemCacheData_dist_mem_gen_0_1_stub.v:6]
INFO: [Synth 8-6155] done synthesizing module 'MemCacheData_dist_mem_gen_0_1' (3#1) [D:/Git/SimpleCPU/SimpleCPU01Project/SimpleCPU01Project.runs/Cache03Synth/.Xil/Vivado-29844-LAPTOP-TDKNUURL/realtime/MemCacheData_dist_mem_gen_0_1_stub.v:6]
INFO: [Synth 8-6155] done synthesizing module 'MemCacheData' (4#1) [D:/Git/SimpleCPU/Module/Storage/BlockDesign/MemCacheData/synth/MemCacheData.v:13]
WARNING: [Synth 8-689] width (11) of port connection 'a_0' does not match port width (9) of module 'MemCacheData' [D:/Git/SimpleCPU/Module/Cache/DataMemDirectCache03.v:101]
WARNING: [Synth 8-689] width (32) of port connection 'a_0' does not match port width (9) of module 'MemCacheData' [D:/Git/SimpleCPU/Module/Cache/DataMemDirectCache03.v:110]
INFO: [Synth 8-6155] done synthesizing module 'DataMemDirectCache03' (5#1) [D:/Git/SimpleCPU/Module/Cache/DataMemDirectCache03.v:23]
---------------------------------------------------------------------------------
Finished RTL Elaboration : Time (s): cpu = 00:00:06 ; elapsed = 00:00:06 . Memory (MB): peak = 1472.785 ; gain = 87.492
---------------------------------------------------------------------------------
---------------------------------------------------------------------------------
Start Handling Custom Attributes
---------------------------------------------------------------------------------
---------------------------------------------------------------------------------
Finished Handling Custom Attributes : Time (s): cpu = 00:00:06 ; elapsed = 00:00:07 . Memory (MB): peak = 1472.785 ; gain = 87.492
---------------------------------------------------------------------------------
---------------------------------------------------------------------------------
Finished RTL Optimization Phase 1 : Time (s): cpu = 00:00:06 ; elapsed = 00:00:07 . Memory (MB): peak = 1472.785 ; gain = 87.492
---------------------------------------------------------------------------------
Netlist sorting complete. Time (s): cpu = 00:00:01 ; elapsed = 00:00:00.010 . Memory (MB): peak = 1472.785 ; gain = 0.000
INFO: [Project 1-570] Preparing netlist for logic optimization

Processing XDC Constraints
Initializing timing engine
Parsing XDC File [d:/Git/SimpleCPU/Module/Storage/BlockDesign/MemCacheData/ip/MemCacheData_dist_mem_gen_0_1/MemCacheData_dist_mem_gen_0_1/MemCacheData_dist_mem_gen_0_1_in_context.xdc] for cell 'memcacheData_01/dist_mem_gen_0'
Finished Parsing XDC File [d:/Git/SimpleCPU/Module/Storage/BlockDesign/MemCacheData/ip/MemCacheData_dist_mem_gen_0_1/MemCacheData_dist_mem_gen_0_1/MemCacheData_dist_mem_gen_0_1_in_context.xdc] for cell 'memcacheData_01/dist_mem_gen_0'
Parsing XDC File [d:/Git/SimpleCPU/Module/Storage/BlockDesign/MemCacheData/ip/MemCacheData_dist_mem_gen_0_1/MemCacheData_dist_mem_gen_0_1/MemCacheData_dist_mem_gen_0_1_in_context.xdc] for cell 'memcacheData_02/dist_mem_gen_0'
Finished Parsing XDC File [d:/Git/SimpleCPU/Module/Storage/BlockDesign/MemCacheData/ip/MemCacheData_dist_mem_gen_0_1/MemCacheData_dist_mem_gen_0_1/MemCacheData_dist_mem_gen_0_1_in_context.xdc] for cell 'memcacheData_02/dist_mem_gen_0'
Parsing XDC File [d:/Git/SimpleCPU/Module/Cache/BlockDesign/DataMemDirectCacheBram/ip/DataMemDirectCacheBram_blk_mem_gen_0_0/DataMemDirectCacheBram_blk_mem_gen_0_0/DataMemDirectCacheBram_blk_mem_gen_0_0_in_context.xdc] for cell 'u_datamemdirectcache01/blk_mem_gen_0'
Finished Parsing XDC File [d:/Git/SimpleCPU/Module/Cache/BlockDesign/DataMemDirectCacheBram/ip/DataMemDirectCacheBram_blk_mem_gen_0_0/DataMemDirectCacheBram_blk_mem_gen_0_0/DataMemDirectCacheBram_blk_mem_gen_0_0_in_context.xdc] for cell 'u_datamemdirectcache01/blk_mem_gen_0'
Parsing XDC File [D:/Git/SimpleCPU/Constraints/Cache03.xdc]
Finished Parsing XDC File [D:/Git/SimpleCPU/Constraints/Cache03.xdc]
Parsing XDC File [D:/Git/SimpleCPU/SimpleCPU01Project/SimpleCPU01Project.runs/Cache03Synth/dont_touch.xdc]
Finished Parsing XDC File [D:/Git/SimpleCPU/SimpleCPU01Project/SimpleCPU01Project.runs/Cache03Synth/dont_touch.xdc]
Completed Processing XDC Constraints

Netlist sorting complete. Time (s): cpu = 00:00:00 ; elapsed = 00:00:00.001 . Memory (MB): peak = 1538.539 ; gain = 0.000
INFO: [Project 1-111] Unisim Transformation Summary:
No Unisim elements were transformed.

Constraint Validation Runtime : Time (s): cpu = 00:00:00 ; elapsed = 00:00:00.003 . Memory (MB): peak = 1538.539 ; gain = 0.000
WARNING: [Designutils 20-4072] Reference run did not run incremental synthesis because the design is too small; reverting to default synthesis
INFO: [Designutils 20-4379] Flow is switching to default flow due to incremental criteria not met. If you would like to alter this behaviour and have the flow terminate instead, please set the following parameter config_implementation {autoIncr.Synth.RejectBehavior Terminate}
---------------------------------------------------------------------------------
Finished Constraint Validation : Time (s): cpu = 00:00:14 ; elapsed = 00:00:15 . Memory (MB): peak = 1538.539 ; gain = 153.246
---------------------------------------------------------------------------------
---------------------------------------------------------------------------------
Start Loading Part and Timing Information
---------------------------------------------------------------------------------
Loading part: xc7vx485tffg1157-1
---------------------------------------------------------------------------------
Finished Loading Part and Timing Information : Time (s): cpu = 00:00:14 ; elapsed = 00:00:15 . Memory (MB): peak = 1538.539 ; gain = 153.246
---------------------------------------------------------------------------------
---------------------------------------------------------------------------------
Start Applying 'set_property' XDC Constraints
---------------------------------------------------------------------------------
Applied set_property KEEP_HIERARCHY = SOFT for memcacheData_01. (constraint file  auto generated constraint).
Applied set_property KEEP_HIERARCHY = SOFT for memcacheData_02. (constraint file  auto generated constraint).
Applied set_property KEEP_HIERARCHY = SOFT for memcacheData_01/dist_mem_gen_0. (constraint file  auto generated constraint).
Applied set_property KEEP_HIERARCHY = SOFT for memcacheData_02/dist_mem_gen_0. (constraint file  auto generated constraint).
Applied set_property KEEP_HIERARCHY = SOFT for u_datamemdirectcache01. (constraint file  auto generated constraint).
Applied set_property KEEP_HIERARCHY = SOFT for u_datamemdirectcache01/blk_mem_gen_0. (constraint file  auto generated constraint).
---------------------------------------------------------------------------------
Finished applying 'set_property' XDC Constraints : Time (s): cpu = 00:00:14 ; elapsed = 00:00:15 . Memory (MB): peak = 1538.539 ; gain = 153.246
---------------------------------------------------------------------------------
---------------------------------------------------------------------------------
Finished RTL Optimization Phase 2 : Time (s): cpu = 00:00:14 ; elapsed = 00:00:15 . Memory (MB): peak = 1538.539 ; gain = 153.246
---------------------------------------------------------------------------------
---------------------------------------------------------------------------------
Start RTL Component Statistics 
---------------------------------------------------------------------------------
Detailed RTL Component Info : 
+---Adders : 
	   2 Input   10 Bit       Adders := 1     
+---Muxes : 
	   2 Input   73 Bit        Muxes := 2     
	   2 Input   32 Bit        Muxes := 5     
---------------------------------------------------------------------------------
Finished RTL Component Statistics 
---------------------------------------------------------------------------------
---------------------------------------------------------------------------------
Start Part Resource Summary
---------------------------------------------------------------------------------
Part Resources:
DSPs: 2800 (col length:140)
BRAMs: 2060 (col length: RAMB18 140 RAMB36 70)
---------------------------------------------------------------------------------
Finished Part Resource Summary
---------------------------------------------------------------------------------
---------------------------------------------------------------------------------
Start Cross Boundary and Area Optimization
---------------------------------------------------------------------------------
WARNING: [Synth 8-7080] Parallel synthesis criteria is not met
WARNING: [Synth 8-7129] Port A[1] in module DataMemDirectCache03 is either unconnected or has no load
WARNING: [Synth 8-7129] Port A[0] in module DataMemDirectCache03 is either unconnected or has no load
---------------------------------------------------------------------------------
Finished Cross Boundary and Area Optimization : Time (s): cpu = 00:00:18 ; elapsed = 00:00:18 . Memory (MB): peak = 1538.539 ; gain = 153.246
---------------------------------------------------------------------------------
---------------------------------------------------------------------------------
Start Applying XDC Timing Constraints
---------------------------------------------------------------------------------
---------------------------------------------------------------------------------
Finished Applying XDC Timing Constraints : Time (s): cpu = 00:00:23 ; elapsed = 00:00:24 . Memory (MB): peak = 1538.539 ; gain = 153.246
---------------------------------------------------------------------------------
---------------------------------------------------------------------------------
Start Timing Optimization
---------------------------------------------------------------------------------
---------------------------------------------------------------------------------
Finished Timing Optimization : Time (s): cpu = 00:00:23 ; elapsed = 00:00:24 . Memory (MB): peak = 1538.539 ; gain = 153.246
---------------------------------------------------------------------------------
---------------------------------------------------------------------------------
Start Technology Mapping
---------------------------------------------------------------------------------
---------------------------------------------------------------------------------
Finished Technology Mapping : Time (s): cpu = 00:00:23 ; elapsed = 00:00:24 . Memory (MB): peak = 1555.875 ; gain = 170.582
---------------------------------------------------------------------------------
---------------------------------------------------------------------------------
Start IO Insertion
---------------------------------------------------------------------------------
---------------------------------------------------------------------------------
Start Flattening Before IO Insertion
---------------------------------------------------------------------------------
---------------------------------------------------------------------------------
Finished Flattening Before IO Insertion
---------------------------------------------------------------------------------
---------------------------------------------------------------------------------
Start Final Netlist Cleanup
---------------------------------------------------------------------------------
---------------------------------------------------------------------------------
Finished Final Netlist Cleanup
---------------------------------------------------------------------------------
---------------------------------------------------------------------------------
Finished IO Insertion : Time (s): cpu = 00:00:28 ; elapsed = 00:00:29 . Memory (MB): peak = 1566.559 ; gain = 181.266
---------------------------------------------------------------------------------
---------------------------------------------------------------------------------
Start Renaming Generated Instances
---------------------------------------------------------------------------------
---------------------------------------------------------------------------------
Finished Renaming Generated Instances : Time (s): cpu = 00:00:28 ; elapsed = 00:00:29 . Memory (MB): peak = 1566.559 ; gain = 181.266
---------------------------------------------------------------------------------
---------------------------------------------------------------------------------
Start Rebuilding User Hierarchy
---------------------------------------------------------------------------------
---------------------------------------------------------------------------------
Finished Rebuilding User Hierarchy : Time (s): cpu = 00:00:28 ; elapsed = 00:00:29 . Memory (MB): peak = 1566.559 ; gain = 181.266
---------------------------------------------------------------------------------
---------------------------------------------------------------------------------
Start Renaming Generated Ports
---------------------------------------------------------------------------------
---------------------------------------------------------------------------------
Finished Renaming Generated Ports : Time (s): cpu = 00:00:28 ; elapsed = 00:00:29 . Memory (MB): peak = 1566.559 ; gain = 181.266
---------------------------------------------------------------------------------
---------------------------------------------------------------------------------
Start Handling Custom Attributes
---------------------------------------------------------------------------------
---------------------------------------------------------------------------------
Finished Handling Custom Attributes : Time (s): cpu = 00:00:28 ; elapsed = 00:00:29 . Memory (MB): peak = 1566.559 ; gain = 181.266
---------------------------------------------------------------------------------
---------------------------------------------------------------------------------
Start Renaming Generated Nets
---------------------------------------------------------------------------------
---------------------------------------------------------------------------------
Finished Renaming Generated Nets : Time (s): cpu = 00:00:28 ; elapsed = 00:00:29 . Memory (MB): peak = 1566.559 ; gain = 181.266
---------------------------------------------------------------------------------
---------------------------------------------------------------------------------
Start Writing Synthesis Report
---------------------------------------------------------------------------------

Report BlackBoxes: 
+------+---------------------------------------+----------+
|      |BlackBox name                          |Instances |
+------+---------------------------------------+----------+
|1     |DataMemDirectCacheBram_blk_mem_gen_0_0 |         1|
|2     |MemCacheData_dist_mem_gen_0_1          |         2|
+------+---------------------------------------+----------+

Report Cell Usage: 
+------+-------------------------------------+------+
|      |Cell                                 |Count |
+------+-------------------------------------+------+
|1     |DataMemDirectCacheBram_blk_mem_gen_0 |     1|
|2     |MemCacheData_dist_mem_gen_0          |     1|
|3     |MemCacheData_dist_mem_gen_0_1        |     1|
|4     |LUT1                                 |     2|
|5     |LUT2                                 |    12|
|6     |LUT3                                 |     2|
|7     |LUT4                                 |     5|
|8     |LUT5                                 |     4|
|9     |LUT6                                 |   167|
|10    |IBUF                                 |    44|
|11    |OBUF                                 |    33|
+------+-------------------------------------+------+
---------------------------------------------------------------------------------
Finished Writing Synthesis Report : Time (s): cpu = 00:00:28 ; elapsed = 00:00:29 . Memory (MB): peak = 1566.559 ; gain = 181.266
---------------------------------------------------------------------------------
Synthesis finished with 0 errors, 0 critical warnings and 3 warnings.
Synthesis Optimization Runtime : Time (s): cpu = 00:00:19 ; elapsed = 00:00:26 . Memory (MB): peak = 1566.559 ; gain = 115.512
Synthesis Optimization Complete : Time (s): cpu = 00:00:28 ; elapsed = 00:00:29 . Memory (MB): peak = 1566.559 ; gain = 181.266
INFO: [Project 1-571] Translating synthesized netlist
Netlist sorting complete. Time (s): cpu = 00:00:00 ; elapsed = 00:00:00.010 . Memory (MB): peak = 1578.555 ; gain = 0.000
INFO: [Project 1-570] Preparing netlist for logic optimization
INFO: [Opt 31-138] Pushed 0 inverter(s) to 0 load pin(s).
Netlist sorting complete. Time (s): cpu = 00:00:00 ; elapsed = 00:00:00 . Memory (MB): peak = 1598.012 ; gain = 0.000
INFO: [Project 1-111] Unisim Transformation Summary:
No Unisim elements were transformed.

Synth Design complete, checksum: d40cb35
INFO: [Common 17-83] Releasing license: Synthesis
31 Infos, 7 Warnings, 0 Critical Warnings and 0 Errors encountered.
synth_design completed successfully
synth_design: Time (s): cpu = 00:00:37 ; elapsed = 00:00:38 . Memory (MB): peak = 1598.012 ; gain = 212.719
INFO: [Common 17-1381] The checkpoint 'D:/Git/SimpleCPU/SimpleCPU01Project/SimpleCPU01Project.runs/Cache03Synth/DataMemDirectCache03.dcp' has been generated.
INFO: [runtcl-4] Executing : report_utilization -file DataMemDirectCache03_utilization_synth.rpt -pb DataMemDirectCache03_utilization_synth.pb
INFO: [Common 17-206] Exiting Vivado at Fri May 27 22:37:09 2022...
